{
  "stats": {
    "suites": 1,
    "tests": 4,
    "passes": 0,
    "pending": 0,
    "failures": 4,
    "start": "2024-01-08T19:41:56.156Z",
    "end": "2024-01-08T19:41:56.332Z",
    "duration": 176
  },
  "tests": [
    {
      "title": "should return true for a valid password",
      "fullTitle": "CheckPassword Function should return true for a valid password",
      "file": "/usr/src/project/Typescript/PasswordChecker/test/passwordChecker.spec.js",
      "duration": 67,
      "currentRetry": 0,
      "err": {
        "message": "expected false to equal true",
        "showDiff": true,
        "actual": "false",
        "expected": "true",
        "operator": "strictEqual",
        "stack": "AssertionError: expected false to equal true\n    at Context.<anonymous> (test/passwordChecker.spec.js:9:40)\n    at process.processImmediate (node:internal/timers:478:21)"
      }
    },
    {
      "title": "should return false for an invalid password (too short)",
      "fullTitle": "CheckPassword Function should return false for an invalid password (too short)",
      "file": "/usr/src/project/Typescript/PasswordChecker/test/passwordChecker.spec.js",
      "duration": 2,
      "currentRetry": 0,
      "err": {
        "message": "expected false to equal true",
        "showDiff": true,
        "actual": "false",
        "expected": "true",
        "operator": "strictEqual",
        "stack": "AssertionError: expected false to equal true\n    at Context.<anonymous> (test/passwordChecker.spec.js:13:40)\n    at process.processImmediate (node:internal/timers:478:21)"
      }
    },
    {
      "title": "should return false for an invalid password (too long)",
      "fullTitle": "CheckPassword Function should return false for an invalid password (too long)",
      "file": "/usr/src/project/Typescript/PasswordChecker/test/passwordChecker.spec.js",
      "duration": 2,
      "currentRetry": 0,
      "err": {
        "message": "expected false to equal true",
        "showDiff": true,
        "actual": "false",
        "expected": "true",
        "operator": "strictEqual",
        "stack": "AssertionError: expected false to equal true\n    at Context.<anonymous> (test/passwordChecker.spec.js:17:40)\n    at process.processImmediate (node:internal/timers:478:21)"
      }
    },
    {
      "title": "should return false for an invalid password",
      "fullTitle": "CheckPassword Function should return false for an invalid password",
      "file": "/usr/src/project/Typescript/PasswordChecker/test/passwordChecker.spec.js",
      "duration": 2,
      "currentRetry": 0,
      "err": {
        "message": "expected false to equal true",
        "showDiff": true,
        "actual": "false",
        "expected": "true",
        "operator": "strictEqual",
        "stack": "AssertionError: expected false to equal true\n    at Context.<anonymous> (test/passwordChecker.spec.js:21:40)\n    at process.processImmediate (node:internal/timers:478:21)"
      }
    }
  ],
  "pending": [],
  "failures": [
    {
      "title": "should return true for a valid password",
      "fullTitle": "CheckPassword Function should return true for a valid password",
      "file": "/usr/src/project/Typescript/PasswordChecker/test/passwordChecker.spec.js",
      "duration": 67,
      "currentRetry": 0,
      "err": {
        "message": "expected false to equal true",
        "showDiff": true,
        "actual": "false",
        "expected": "true",
        "operator": "strictEqual",
        "stack": "AssertionError: expected false to equal true\n    at Context.<anonymous> (test/passwordChecker.spec.js:9:40)\n    at process.processImmediate (node:internal/timers:478:21)"
      }
    },
    {
      "title": "should return false for an invalid password (too short)",
      "fullTitle": "CheckPassword Function should return false for an invalid password (too short)",
      "file": "/usr/src/project/Typescript/PasswordChecker/test/passwordChecker.spec.js",
      "duration": 2,
      "currentRetry": 0,
      "err": {
        "message": "expected false to equal true",
        "showDiff": true,
        "actual": "false",
        "expected": "true",
        "operator": "strictEqual",
        "stack": "AssertionError: expected false to equal true\n    at Context.<anonymous> (test/passwordChecker.spec.js:13:40)\n    at process.processImmediate (node:internal/timers:478:21)"
      }
    },
    {
      "title": "should return false for an invalid password (too long)",
      "fullTitle": "CheckPassword Function should return false for an invalid password (too long)",
      "file": "/usr/src/project/Typescript/PasswordChecker/test/passwordChecker.spec.js",
      "duration": 2,
      "currentRetry": 0,
      "err": {
        "message": "expected false to equal true",
        "showDiff": true,
        "actual": "false",
        "expected": "true",
        "operator": "strictEqual",
        "stack": "AssertionError: expected false to equal true\n    at Context.<anonymous> (test/passwordChecker.spec.js:17:40)\n    at process.processImmediate (node:internal/timers:478:21)"
      }
    },
    {
      "title": "should return false for an invalid password",
      "fullTitle": "CheckPassword Function should return false for an invalid password",
      "file": "/usr/src/project/Typescript/PasswordChecker/test/passwordChecker.spec.js",
      "duration": 2,
      "currentRetry": 0,
      "err": {
        "message": "expected false to equal true",
        "showDiff": true,
        "actual": "false",
        "expected": "true",
        "operator": "strictEqual",
        "stack": "AssertionError: expected false to equal true\n    at Context.<anonymous> (test/passwordChecker.spec.js:21:40)\n    at process.processImmediate (node:internal/timers:478:21)"
      }
    }
  ],
  "passes": []
}