{
  "stats": {
    "suites": 1,
    "tests": 3,
    "passes": 3,
    "pending": 0,
    "failures": 0,
    "start": "2023-11-15T17:10:01.732Z",
    "end": "2023-11-15T17:10:01.749Z",
    "duration": 17
  },
  "tests": [
    {
      "title": "should return true for a valid password",
      "fullTitle": "CheckPassword Function should return true for a valid password",
      "file": "/usr/src/project/test/passwordChecker.spec.js",
      "duration": 2,
      "currentRetry": 0,
      "speed": "fast",
      "err": {}
    },
    {
      "title": "should return false for an invalid password (too short)",
      "fullTitle": "CheckPassword Function should return false for an invalid password (too short)",
      "file": "/usr/src/project/test/passwordChecker.spec.js",
      "duration": 0,
      "currentRetry": 0,
      "speed": "fast",
      "err": {}
    },
    {
      "title": "should return false for an invalid password (too long)",
      "fullTitle": "CheckPassword Function should return false for an invalid password (too long)",
      "file": "/usr/src/project/test/passwordChecker.spec.js",
      "duration": 1,
      "currentRetry": 0,
      "speed": "fast",
      "err": {}
    }
  ],
  "pending": [],
  "failures": [],
  "passes": [
    {
      "title": "should return true for a valid password",
      "fullTitle": "CheckPassword Function should return true for a valid password",
      "file": "/usr/src/project/test/passwordChecker.spec.js",
      "duration": 2,
      "currentRetry": 0,
      "speed": "fast",
      "err": {}
    },
    {
      "title": "should return false for an invalid password (too short)",
      "fullTitle": "CheckPassword Function should return false for an invalid password (too short)",
      "file": "/usr/src/project/test/passwordChecker.spec.js",
      "duration": 0,
      "currentRetry": 0,
      "speed": "fast",
      "err": {}
    },
    {
      "title": "should return false for an invalid password (too long)",
      "fullTitle": "CheckPassword Function should return false for an invalid password (too long)",
      "file": "/usr/src/project/test/passwordChecker.spec.js",
      "duration": 1,
      "currentRetry": 0,
      "speed": "fast",
      "err": {}
    }
  ]
}